  [4;36;1mSQL (0.3ms)[0m   [0;1m SELECT name
 FROM sqlite_master
 WHERE type = 'table' AND NOT name = 'sqlite_sequence'
[0m
  [4;35;1mSQL (0.2ms)[0m   [0mselect sqlite_version(*)[0m
  [4;36;1mSQL (3.6ms)[0m   [0;1mCREATE TABLE "schema_migrations" ("version" varchar(255) NOT NULL) [0m
  [4;35;1mSQL (2.3ms)[0m   [0mCREATE UNIQUE INDEX "unique_schema_migrations" ON "schema_migrations" ("version")[0m
  [4;36;1mSQL (0.2ms)[0m   [0;1m SELECT name
 FROM sqlite_master
 WHERE type = 'table' AND NOT name = 'sqlite_sequence'
[0m
  [4;35;1mSQL (0.1ms)[0m   [0mSELECT version FROM schema_migrations[0m
Migrating to CreateIdeas (20091222080524)
  [4;36;1mSQL (0.4ms)[0m   [0;1mCREATE TABLE "ideas" ("id" INTEGER PRIMARY KEY AUTOINCREMENT NOT NULL, "text" varchar(255), "created_at" datetime, "updated_at" datetime) [0m
  [4;35;1mSQL (0.1ms)[0m   [0mINSERT INTO schema_migrations (version) VALUES ('20091222080524')[0m
  [4;36;1mSQL (0.3ms)[0m   [0;1m SELECT name
 FROM sqlite_master
 WHERE type = 'table' AND NOT name = 'sqlite_sequence'
[0m
  [4;35;1mSQL (0.2ms)[0m   [0mSELECT version FROM schema_migrations[0m
  [4;36;1mSQL (0.2ms)[0m   [0;1m SELECT name
 FROM sqlite_master
 WHERE type = 'table' AND NOT name = 'sqlite_sequence'
[0m
  [4;35;1mSQL (0.1ms)[0m   [0mPRAGMA index_list("ideas")[0m


Processing IdeasController#index (for 127.0.0.1 at 2009-12-22 00:34:59) [GET]
  [4;36;1mIdea Load (0.4ms)[0m   [0;1mSELECT * FROM "ideas" [0m
Rendering template within layouts/ideas
Rendering ideas/index
Completed in 27ms (View: 22, DB: 0) | 200 OK [http://localhost/ideas]


Processing IdeasController#new (for 127.0.0.1 at 2009-12-22 00:35:00) [GET]
Rendering template within layouts/ideas
Rendering ideas/new
Completed in 12ms (View: 8, DB: 0) | 200 OK [http://localhost/ideas/new]


Processing IdeasController#create (for 127.0.0.1 at 2009-12-22 00:35:02) [POST]
  Parameters: {"commit"=>"Create", "idea"=>{"text"=>"fgd"}, "authenticity_token"=>"B4OHveqf4RejYw0ZgTUVVnhuAOCJTdzld9puRd+giOo="}
  [4;35;1mIdea Create (0.3ms)[0m   [0mINSERT INTO "ideas" ("created_at", "updated_at", "text") VALUES('2009-12-22 08:35:02', '2009-12-22 08:35:02', 'fgd')[0m
Redirected to http://localhost:3000/ideas/1
Completed in 10ms (DB: 0) | 302 Found [http://localhost/ideas]


Processing IdeasController#show (for 127.0.0.1 at 2009-12-22 00:35:02) [GET]
  Parameters: {"id"=>"1"}
  [4;36;1mIdea Load (0.3ms)[0m   [0;1mSELECT * FROM "ideas" WHERE ("ideas"."id" = 1) [0m
Rendering template within layouts/ideas
Rendering ideas/show
Completed in 14ms (View: 7, DB: 0) | 200 OK [http://localhost/ideas/1]


Processing IdeasController#index (for 127.0.0.1 at 2009-12-22 00:35:03) [GET]
  [4;35;1mIdea Load (0.4ms)[0m   [0mSELECT * FROM "ideas" [0m
Rendering template within layouts/ideas
Rendering ideas/index
Completed in 11ms (View: 6, DB: 0) | 200 OK [http://localhost/ideas]


Processing IdeasController#destroy (for 127.0.0.1 at 2009-12-22 00:35:05) [DELETE]
  Parameters: {"authenticity_token"=>"B4OHveqf4RejYw0ZgTUVVnhuAOCJTdzld9puRd+giOo=", "id"=>"1"}
  [4;36;1mIdea Load (0.2ms)[0m   [0;1mSELECT * FROM "ideas" WHERE ("ideas"."id" = 1) [0m
  [4;35;1mIdea Destroy (0.2ms)[0m   [0mDELETE FROM "ideas" WHERE "id" = 1[0m
Redirected to http://localhost:3000/ideas
Completed in 23ms (DB: 0) | 302 Found [http://localhost/ideas/1]


Processing IdeasController#index (for 127.0.0.1 at 2009-12-22 00:35:05) [GET]
  [4;36;1mIdea Load (0.3ms)[0m   [0;1mSELECT * FROM "ideas" [0m
Rendering template within layouts/ideas
Rendering ideas/index
Completed in 7ms (View: 1, DB: 0) | 200 OK [http://localhost/ideas]


Processing IdeasController#generate (for 127.0.0.1 at 2009-12-22 00:44:21) [GET]

NoMethodError (undefined method `generate' for #<IdeaMachine::Constructor:0x7f8d0a952470>):
  app/controllers/ideas_controller.rb:21:in `generate'
  /usr/lib/ruby/1.8/webrick/httpserver.rb:104:in `service'
  /usr/lib/ruby/1.8/webrick/httpserver.rb:65:in `run'
  /usr/lib/ruby/1.8/webrick/server.rb:173:in `start_thread'
  /usr/lib/ruby/1.8/webrick/server.rb:162:in `start'
  /usr/lib/ruby/1.8/webrick/server.rb:162:in `start_thread'
  /usr/lib/ruby/1.8/webrick/server.rb:95:in `start'
  /usr/lib/ruby/1.8/webrick/server.rb:92:in `each'
  /usr/lib/ruby/1.8/webrick/server.rb:92:in `start'
  /usr/lib/ruby/1.8/webrick/server.rb:23:in `start'
  /usr/lib/ruby/1.8/webrick/server.rb:82:in `start'

Rendered rescues/_trace (85.6ms)
Rendered rescues/_request_and_response (1.1ms)
Rendering rescues/layout (internal_server_error)


Processing IdeasController#generate (for 127.0.0.1 at 2009-12-22 00:44:24) [GET]

NoMethodError (undefined method `generate' for #<IdeaMachine::Constructor:0x7f8d0a952470>):
  app/controllers/ideas_controller.rb:21:in `generate'
  /usr/lib/ruby/1.8/webrick/httpserver.rb:104:in `service'
  /usr/lib/ruby/1.8/webrick/httpserver.rb:65:in `run'
  /usr/lib/ruby/1.8/webrick/server.rb:173:in `start_thread'
  /usr/lib/ruby/1.8/webrick/server.rb:162:in `start'
  /usr/lib/ruby/1.8/webrick/server.rb:162:in `start_thread'
  /usr/lib/ruby/1.8/webrick/server.rb:95:in `start'
  /usr/lib/ruby/1.8/webrick/server.rb:92:in `each'
  /usr/lib/ruby/1.8/webrick/server.rb:92:in `start'
  /usr/lib/ruby/1.8/webrick/server.rb:23:in `start'
  /usr/lib/ruby/1.8/webrick/server.rb:82:in `start'

Rendered rescues/_trace (24.6ms)
Rendered rescues/_request_and_response (0.3ms)
Rendering rescues/layout (internal_server_error)


Processing IdeasController#generate (for 127.0.0.1 at 2009-12-22 00:44:38) [GET]
Completed in 12ms (View: 3, DB: 0) | 200 OK [http://localhost/ideas/generate]


Processing IdeasController#generate (for 127.0.0.1 at 2009-12-22 00:52:06) [GET]
Completed in 13ms (View: 1, DB: 0) | 200 OK [http://localhost/ideas/generate]


Processing ApplicationController#index (for 127.0.0.1 at 2009-12-22 00:52:10) [GET]

ActionController::RoutingError (No route matches "/frontpage" with {:method=>:get}):
  /usr/lib/ruby/1.8/webrick/httpserver.rb:104:in `service'
  /usr/lib/ruby/1.8/webrick/httpserver.rb:65:in `run'
  /usr/lib/ruby/1.8/webrick/server.rb:173:in `start_thread'
  /usr/lib/ruby/1.8/webrick/server.rb:162:in `start'
  /usr/lib/ruby/1.8/webrick/server.rb:162:in `start_thread'
  /usr/lib/ruby/1.8/webrick/server.rb:95:in `start'
  /usr/lib/ruby/1.8/webrick/server.rb:92:in `each'
  /usr/lib/ruby/1.8/webrick/server.rb:92:in `start'
  /usr/lib/ruby/1.8/webrick/server.rb:23:in `start'
  /usr/lib/ruby/1.8/webrick/server.rb:82:in `start'

Rendering rescues/layout (not_found)


Processing ApplicationController#index (for 127.0.0.1 at 2009-12-22 00:52:17) [GET]

ActionController::RoutingError (No route matches "/frontpage/index" with {:method=>:get}):
  /usr/lib/ruby/1.8/webrick/httpserver.rb:104:in `service'
  /usr/lib/ruby/1.8/webrick/httpserver.rb:65:in `run'
  /usr/lib/ruby/1.8/webrick/server.rb:173:in `start_thread'
  /usr/lib/ruby/1.8/webrick/server.rb:162:in `start'
  /usr/lib/ruby/1.8/webrick/server.rb:162:in `start_thread'
  /usr/lib/ruby/1.8/webrick/server.rb:95:in `start'
  /usr/lib/ruby/1.8/webrick/server.rb:92:in `each'
  /usr/lib/ruby/1.8/webrick/server.rb:92:in `start'
  /usr/lib/ruby/1.8/webrick/server.rb:23:in `start'
  /usr/lib/ruby/1.8/webrick/server.rb:82:in `start'

Rendering rescues/layout (not_found)


Processing ApplicationController#index (for 127.0.0.1 at 2009-12-22 00:52:21) [GET]

ActionController::RoutingError (No route matches "/frontpage/index.html.erb" with {:method=>:get}):
  /usr/lib/ruby/1.8/webrick/httpserver.rb:104:in `service'
  /usr/lib/ruby/1.8/webrick/httpserver.rb:65:in `run'
  /usr/lib/ruby/1.8/webrick/server.rb:173:in `start_thread'
  /usr/lib/ruby/1.8/webrick/server.rb:162:in `start'
  /usr/lib/ruby/1.8/webrick/server.rb:162:in `start_thread'
  /usr/lib/ruby/1.8/webrick/server.rb:95:in `start'
  /usr/lib/ruby/1.8/webrick/server.rb:92:in `each'
  /usr/lib/ruby/1.8/webrick/server.rb:92:in `start'
  /usr/lib/ruby/1.8/webrick/server.rb:23:in `start'
  /usr/lib/ruby/1.8/webrick/server.rb:82:in `start'

Rendering rescues/layout (not_found)


Processing ApplicationController#index (for 127.0.0.1 at 2009-12-22 00:53:00) [GET]

ActionController::RoutingError (No route matches "/" with {:method=>:get}):
  /usr/lib/ruby/1.8/webrick/httpserver.rb:104:in `service'
  /usr/lib/ruby/1.8/webrick/httpserver.rb:65:in `run'
  /usr/lib/ruby/1.8/webrick/server.rb:173:in `start_thread'
  /usr/lib/ruby/1.8/webrick/server.rb:162:in `start'
  /usr/lib/ruby/1.8/webrick/server.rb:162:in `start_thread'
  /usr/lib/ruby/1.8/webrick/server.rb:95:in `start'
  /usr/lib/ruby/1.8/webrick/server.rb:92:in `each'
  /usr/lib/ruby/1.8/webrick/server.rb:92:in `start'
  /usr/lib/ruby/1.8/webrick/server.rb:23:in `start'
  /usr/lib/ruby/1.8/webrick/server.rb:82:in `start'

Rendering rescues/layout (not_found)


Processing FrontpageController#index (for 127.0.0.1 at 2009-12-22 00:53:38) [GET]
Rendering frontpage/index
Completed in 7ms (View: 6, DB: 0) | 200 OK [http://localhost/]


Processing FrontpageController#index (for 127.0.0.1 at 2009-12-22 00:54:05) [GET]

NoMethodError (undefined method `main' for #<FrontpageController:0x7f1972551e68>):
  /usr/lib/ruby/1.8/webrick/httpserver.rb:104:in `service'
  /usr/lib/ruby/1.8/webrick/httpserver.rb:65:in `run'
  /usr/lib/ruby/1.8/webrick/server.rb:173:in `start_thread'
  /usr/lib/ruby/1.8/webrick/server.rb:162:in `start'
  /usr/lib/ruby/1.8/webrick/server.rb:162:in `start_thread'
  /usr/lib/ruby/1.8/webrick/server.rb:95:in `start'
  /usr/lib/ruby/1.8/webrick/server.rb:92:in `each'
  /usr/lib/ruby/1.8/webrick/server.rb:92:in `start'
  /usr/lib/ruby/1.8/webrick/server.rb:23:in `start'
  /usr/lib/ruby/1.8/webrick/server.rb:82:in `start'

Rendered rescues/_trace (30.5ms)
Rendered rescues/_request_and_response (1.2ms)
Rendering rescues/layout (internal_server_error)


Processing FrontpageController#index (for 127.0.0.1 at 2009-12-22 00:54:14) [GET]
Rendering template within layouts/main
Rendering frontpage/index
Completed in 22ms (View: 20, DB: 0) | 200 OK [http://localhost/]


Processing FrontpageController#index (for 127.0.0.1 at 2009-12-22 21:51:08) [GET]
Rendering template within layouts/main
Rendering frontpage/index
Completed in 4ms (View: 2, DB: 0) | 200 OK [http://localhost/]


Processing FrontpageController#index (for 127.0.0.1 at 2009-12-22 21:51:19) [GET]
Rendering template within layouts/main
Rendering frontpage/index
Completed in 8ms (View: 6, DB: 0) | 200 OK [http://localhost/]


Processing FrontpageController#index (for 127.0.0.1 at 2009-12-22 21:52:39) [GET]
Rendering template within layouts/main
Rendering frontpage/index
Completed in 8ms (View: 6, DB: 0) | 200 OK [http://localhost/]


Processing FrontpageController#index (for 127.0.0.1 at 2009-12-22 21:53:17) [GET]
Rendering template within layouts/main
Rendering frontpage/index
Completed in 4ms (View: 3, DB: 0) | 200 OK [http://localhost/]


Processing FrontpageController#index (for 127.0.0.1 at 2009-12-22 21:54:15) [GET]
Rendering template within layouts/main
Rendering frontpage/index
Completed in 5ms (View: 3, DB: 0) | 200 OK [http://localhost/]


Processing FrontpageController#index (for 127.0.0.1 at 2009-12-22 21:54:17) [GET]
Rendering template within layouts/main
Rendering frontpage/index
Completed in 4ms (View: 2, DB: 0) | 200 OK [http://localhost/]


Processing FrontpageController#index (for 127.0.0.1 at 2009-12-22 21:54:18) [GET]
Rendering template within layouts/main
Rendering frontpage/index
Completed in 4ms (View: 2, DB: 0) | 200 OK [http://localhost/]


Processing FrontpageController#index (for 127.0.0.1 at 2009-12-22 21:54:25) [GET]
Rendering template within layouts/main
Rendering frontpage/index
Completed in 4ms (View: 2, DB: 0) | 200 OK [http://localhost/]


Processing FrontpageController#index (for 127.0.0.1 at 2009-12-22 21:54:26) [GET]
Rendering template within layouts/main
Rendering frontpage/index
Completed in 11ms (View: 9, DB: 0) | 200 OK [http://localhost/]


Processing FrontpageController#index (for 127.0.0.1 at 2009-12-22 21:54:28) [GET]
Rendering template within layouts/main
Rendering frontpage/index
Completed in 5ms (View: 3, DB: 0) | 200 OK [http://localhost/]


Processing FrontpageController#index (for 127.0.0.1 at 2009-12-22 21:54:29) [GET]
Rendering template within layouts/main
Rendering frontpage/index
Completed in 4ms (View: 2, DB: 0) | 200 OK [http://localhost/]


Processing FrontpageController#index (for 127.0.0.1 at 2009-12-22 21:54:33) [GET]
Rendering template within layouts/main
Rendering frontpage/index
Completed in 5ms (View: 3, DB: 0) | 200 OK [http://localhost/]


Processing FrontpageController#index (for 127.0.0.1 at 2009-12-22 21:54:35) [GET]
Rendering template within layouts/main
Rendering frontpage/index
Completed in 4ms (View: 2, DB: 0) | 200 OK [http://localhost/]


Processing FrontpageController#index (for 127.0.0.1 at 2009-12-22 21:54:49) [GET]
Rendering template within layouts/main
Rendering frontpage/index
Completed in 4ms (View: 2, DB: 0) | 200 OK [http://localhost/]


Processing FrontpageController#index (for 127.0.0.1 at 2009-12-22 21:54:50) [GET]
Rendering template within layouts/main
Rendering frontpage/index
Completed in 5ms (View: 2, DB: 0) | 200 OK [http://localhost/]


Processing FrontpageController#index (for 127.0.0.1 at 2009-12-22 21:55:05) [GET]
Rendering template within layouts/main
Rendering frontpage/index
Completed in 6ms (View: 3, DB: 0) | 200 OK [http://localhost/]


Processing FrontpageController#index (for 127.0.0.1 at 2009-12-22 21:56:13) [GET]
Rendering template within layouts/main
Rendering frontpage/index
Completed in 8ms (View: 2, DB: 0) | 200 OK [http://localhost/]


Processing FrontpageController#index (for 127.0.0.1 at 2009-12-22 21:56:14) [GET]
Rendering template within layouts/main
Rendering frontpage/index
Completed in 4ms (View: 2, DB: 0) | 200 OK [http://localhost/]


Processing FrontpageController#index (for 127.0.0.1 at 2009-12-22 21:56:23) [GET]
Rendering template within layouts/main
Rendering frontpage/index
Completed in 5ms (View: 3, DB: 0) | 200 OK [http://localhost/]


Processing FrontpageController#index (for 127.0.0.1 at 2009-12-22 21:56:34) [GET]
Rendering template within layouts/main
Rendering frontpage/index
Completed in 4ms (View: 2, DB: 0) | 200 OK [http://localhost/]


Processing FrontpageController#index (for 127.0.0.1 at 2009-12-22 21:56:53) [GET]
Rendering template within layouts/main
Rendering frontpage/index
Completed in 4ms (View: 2, DB: 0) | 200 OK [http://localhost/]


Processing FrontpageController#index (for 127.0.0.1 at 2009-12-22 21:56:59) [GET]
Rendering template within layouts/main
Rendering frontpage/index
Completed in 4ms (View: 3, DB: 0) | 200 OK [http://localhost/]


Processing FrontpageController#index (for 127.0.0.1 at 2009-12-22 21:57:01) [GET]
Rendering template within layouts/main
Rendering frontpage/index
Completed in 4ms (View: 2, DB: 0) | 200 OK [http://localhost/]


Processing FrontpageController#index (for 127.0.0.1 at 2009-12-22 21:57:09) [GET]
Rendering template within layouts/main
Rendering frontpage/index
Completed in 5ms (View: 3, DB: 0) | 200 OK [http://localhost/]


Processing FrontpageController#index (for 127.0.0.1 at 2009-12-22 21:57:11) [GET]
Rendering template within layouts/main
Rendering frontpage/index
Completed in 4ms (View: 3, DB: 0) | 200 OK [http://localhost/]


Processing FrontpageController#index (for 127.0.0.1 at 2009-12-22 21:57:15) [GET]
Rendering template within layouts/main
Rendering frontpage/index
Completed in 4ms (View: 2, DB: 0) | 200 OK [http://localhost/]


Processing FrontpageController#index (for 127.0.0.1 at 2009-12-22 21:57:20) [GET]
Rendering template within layouts/main
Rendering frontpage/index
Completed in 5ms (View: 3, DB: 0) | 200 OK [http://localhost/]


Processing FrontpageController#index (for 127.0.0.1 at 2009-12-22 21:57:26) [GET]
Rendering template within layouts/main
Rendering frontpage/index
Completed in 4ms (View: 2, DB: 0) | 200 OK [http://localhost/]


Processing FrontpageController#index (for 127.0.0.1 at 2009-12-22 21:57:27) [GET]
Rendering template within layouts/main
Rendering frontpage/index
Completed in 4ms (View: 2, DB: 0) | 200 OK [http://localhost/]


Processing FrontpageController#index (for 127.0.0.1 at 2009-12-22 21:57:44) [GET]
Rendering template within layouts/main
Rendering frontpage/index
Completed in 5ms (View: 3, DB: 0) | 200 OK [http://localhost/]


Processing FrontpageController#index (for 127.0.0.1 at 2009-12-22 21:57:45) [GET]
Rendering template within layouts/main
Rendering frontpage/index
Completed in 4ms (View: 3, DB: 0) | 200 OK [http://localhost/]


Processing FrontpageController#index (for 127.0.0.1 at 2009-12-22 21:58:17) [GET]
Rendering template within layouts/main
Rendering frontpage/index
Completed in 4ms (View: 2, DB: 0) | 200 OK [http://localhost/]


Processing FrontpageController#index (for 127.0.0.1 at 2009-12-22 21:58:18) [GET]
Rendering template within layouts/main
Rendering frontpage/index
Completed in 4ms (View: 2, DB: 0) | 200 OK [http://localhost/]


Processing FrontpageController#index (for 127.0.0.1 at 2009-12-22 21:58:20) [GET]
Rendering template within layouts/main
Rendering frontpage/index
Completed in 5ms (View: 3, DB: 0) | 200 OK [http://localhost/]


Processing FrontpageController#index (for 127.0.0.1 at 2009-12-22 22:06:45) [GET]
Rendering template within layouts/main
Rendering frontpage/index
Completed in 8ms (View: 6, DB: 0) | 200 OK [http://localhost/]


Processing IdeasController#generate to json (for 127.0.0.1 at 2009-12-22 22:06:45) [GET]
Completed in 66ms (View: 3, DB: 0) | 200 OK [http://localhost/ideas/generate.json]


Processing FrontpageController#index (for 127.0.0.1 at 2009-12-22 22:07:18) [GET]
Rendering template within layouts/main
Rendering frontpage/index
Completed in 4ms (View: 2, DB: 0) | 200 OK [http://localhost/]


Processing IdeasController#generate to json (for 127.0.0.1 at 2009-12-22 22:07:18) [GET]
Completed in 13ms (View: 1, DB: 0) | 200 OK [http://localhost/ideas/generate.json]


Processing FrontpageController#index (for 127.0.0.1 at 2009-12-22 22:07:35) [GET]
Rendering template within layouts/main
Rendering frontpage/index
Completed in 5ms (View: 3, DB: 0) | 200 OK [http://localhost/]


Processing IdeasController#generate to json (for 127.0.0.1 at 2009-12-22 22:07:35) [GET]
Completed in 12ms (View: 1, DB: 0) | 200 OK [http://localhost/ideas/generate.json]


Processing FrontpageController#index (for 127.0.0.1 at 2009-12-22 22:08:12) [GET]
Rendering template within layouts/main
Rendering frontpage/index
Completed in 4ms (View: 2, DB: 0) | 200 OK [http://localhost/]


Processing IdeasController#generate to json (for 127.0.0.1 at 2009-12-22 22:08:12) [GET]
Completed in 18ms (View: 1, DB: 0) | 200 OK [http://localhost/ideas/generate.json]


Processing IdeasController#generate to json (for 127.0.0.1 at 2009-12-22 22:08:17) [GET]
Completed in 11ms (View: 1, DB: 0) | 200 OK [http://localhost/ideas/generate.json]


Processing IdeasController#generate to json (for 127.0.0.1 at 2009-12-22 22:08:20) [GET]
Completed in 9ms (View: 1, DB: 0) | 200 OK [http://localhost/ideas/generate.json]


Processing IdeasController#generate to json (for 127.0.0.1 at 2009-12-22 22:08:22) [GET]
Completed in 12ms (View: 1, DB: 0) | 200 OK [http://localhost/ideas/generate.json]


Processing IdeasController#generate to json (for 127.0.0.1 at 2009-12-22 22:08:35) [GET]
Completed in 10ms (View: 1, DB: 0) | 200 OK [http://localhost/ideas/generate.json]


Processing FrontpageController#index (for 127.0.0.1 at 2009-12-22 22:09:55) [GET]
Rendering template within layouts/main
Rendering frontpage/index
Completed in 5ms (View: 3, DB: 0) | 200 OK [http://localhost/]


Processing IdeasController#generate to json (for 127.0.0.1 at 2009-12-22 22:09:55) [GET]
Completed in 13ms (View: 1, DB: 0) | 200 OK [http://localhost/ideas/generate.json]


Processing FrontpageController#index (for 127.0.0.1 at 2009-12-22 22:10:11) [GET]
Rendering template within layouts/main
Rendering frontpage/index
Completed in 5ms (View: 3, DB: 0) | 200 OK [http://localhost/]


Processing IdeasController#generate to json (for 127.0.0.1 at 2009-12-22 22:10:11) [GET]
Completed in 80ms (View: 1, DB: 0) | 200 OK [http://localhost/ideas/generate.json]


Processing FrontpageController#index (for 127.0.0.1 at 2009-12-22 22:10:27) [GET]
Rendering template within layouts/main
Rendering frontpage/index
Completed in 8ms (View: 6, DB: 0) | 200 OK [http://localhost/]


Processing IdeasController#generate to json (for 127.0.0.1 at 2009-12-22 22:10:27) [GET]
Completed in 10ms (View: 1, DB: 0) | 200 OK [http://localhost/ideas/generate.json]


Processing FrontpageController#index (for 127.0.0.1 at 2009-12-22 22:10:34) [GET]
Rendering template within layouts/main
Rendering frontpage/index
Completed in 4ms (View: 3, DB: 0) | 200 OK [http://localhost/]


Processing IdeasController#generate to json (for 127.0.0.1 at 2009-12-22 22:10:35) [GET]
Completed in 68ms (View: 1, DB: 0) | 200 OK [http://localhost/ideas/generate.json]


Processing IdeasController#generate to json (for 127.0.0.1 at 2009-12-22 22:10:38) [GET]
Completed in 11ms (View: 1, DB: 0) | 200 OK [http://localhost/ideas/generate.json]


Processing IdeasController#generate to json (for 127.0.0.1 at 2009-12-22 22:10:40) [GET]
Completed in 12ms (View: 1, DB: 0) | 200 OK [http://localhost/ideas/generate.json]


Processing IdeasController#generate to json (for 127.0.0.1 at 2009-12-22 22:10:42) [GET]
Completed in 14ms (View: 1, DB: 0) | 200 OK [http://localhost/ideas/generate.json]


Processing IdeasController#generate to json (for 127.0.0.1 at 2009-12-22 22:10:44) [GET]
Completed in 12ms (View: 1, DB: 0) | 200 OK [http://localhost/ideas/generate.json]


Processing FrontpageController#index (for 127.0.0.1 at 2009-12-22 22:11:53) [GET]
Rendering template within layouts/main
Rendering frontpage/index
Completed in 69ms (View: 62, DB: 0) | 200 OK [http://localhost/]


Processing IdeasController#generate to json (for 127.0.0.1 at 2009-12-22 22:11:53) [GET]
Completed in 10ms (View: 1, DB: 0) | 200 OK [http://localhost/ideas/generate.json]


Processing FrontpageController#index (for 127.0.0.1 at 2009-12-22 22:11:54) [GET]
Rendering template within layouts/main
Rendering frontpage/index
Completed in 5ms (View: 3, DB: 0) | 200 OK [http://localhost/]


Processing IdeasController#generate to json (for 127.0.0.1 at 2009-12-22 22:11:55) [GET]
Completed in 8ms (View: 1, DB: 0) | 200 OK [http://localhost/ideas/generate.json]


Processing FrontpageController#index (for 127.0.0.1 at 2009-12-22 22:12:04) [GET]
Rendering template within layouts/main
Rendering frontpage/index
Completed in 5ms (View: 3, DB: 0) | 200 OK [http://localhost/]


Processing IdeasController#generate to json (for 127.0.0.1 at 2009-12-22 22:12:05) [GET]
Completed in 13ms (View: 1, DB: 0) | 200 OK [http://localhost/ideas/generate.json]


Processing FrontpageController#index (for 127.0.0.1 at 2009-12-22 22:12:08) [GET]
Rendering template within layouts/main
Rendering frontpage/index
Completed in 5ms (View: 3, DB: 0) | 200 OK [http://localhost/]


Processing IdeasController#generate to json (for 127.0.0.1 at 2009-12-22 22:12:09) [GET]
Completed in 12ms (View: 1, DB: 0) | 200 OK [http://localhost/ideas/generate.json]


Processing FrontpageController#index (for 127.0.0.1 at 2009-12-22 22:12:09) [GET]
Rendering template within layouts/main
Rendering frontpage/index
Completed in 5ms (View: 3, DB: 0) | 200 OK [http://localhost/]


Processing IdeasController#generate to json (for 127.0.0.1 at 2009-12-22 22:12:10) [GET]
Completed in 12ms (View: 1, DB: 0) | 200 OK [http://localhost/ideas/generate.json]


Processing FrontpageController#index (for 127.0.0.1 at 2009-12-22 22:12:10) [GET]
Rendering template within layouts/main
Rendering frontpage/index
Completed in 5ms (View: 3, DB: 0) | 200 OK [http://localhost/]


Processing IdeasController#generate to json (for 127.0.0.1 at 2009-12-22 22:12:10) [GET]
Completed in 13ms (View: 1, DB: 0) | 200 OK [http://localhost/ideas/generate.json]


Processing FrontpageController#index (for 127.0.0.1 at 2009-12-22 22:12:11) [GET]
Rendering template within layouts/main
Rendering frontpage/index
Completed in 4ms (View: 3, DB: 0) | 200 OK [http://localhost/]


Processing IdeasController#generate to json (for 127.0.0.1 at 2009-12-22 22:12:11) [GET]
Completed in 11ms (View: 1, DB: 0) | 200 OK [http://localhost/ideas/generate.json]


Processing FrontpageController#index (for 127.0.0.1 at 2009-12-22 22:12:12) [GET]
Rendering template within layouts/main
Rendering frontpage/index
Completed in 5ms (View: 3, DB: 0) | 200 OK [http://localhost/]


Processing IdeasController#generate to json (for 127.0.0.1 at 2009-12-22 22:12:12) [GET]
Completed in 10ms (View: 1, DB: 0) | 200 OK [http://localhost/ideas/generate.json]


Processing FrontpageController#index (for 127.0.0.1 at 2009-12-22 22:12:12) [GET]
Rendering template within layouts/main
Rendering frontpage/index
Completed in 5ms (View: 3, DB: 0) | 200 OK [http://localhost/]


Processing IdeasController#generate to json (for 127.0.0.1 at 2009-12-22 22:12:13) [GET]
Completed in 10ms (View: 1, DB: 0) | 200 OK [http://localhost/ideas/generate.json]


Processing FrontpageController#index (for 127.0.0.1 at 2009-12-22 22:12:13) [GET]
Rendering template within layouts/main
Rendering frontpage/index
Completed in 4ms (View: 2, DB: 0) | 200 OK [http://localhost/]


Processing IdeasController#generate to json (for 127.0.0.1 at 2009-12-22 22:12:14) [GET]
Completed in 10ms (View: 1, DB: 0) | 200 OK [http://localhost/ideas/generate.json]


Processing FrontpageController#index (for 127.0.0.1 at 2009-12-22 22:14:30) [GET]
Rendering template within layouts/main
Rendering frontpage/index
Completed in 4ms (View: 2, DB: 0) | 200 OK [http://localhost/]


Processing IdeasController#generate to json (for 127.0.0.1 at 2009-12-22 22:14:30) [GET]
Completed in 18ms (View: 1, DB: 0) | 200 OK [http://localhost/ideas/generate.json]


Processing FrontpageController#index (for 127.0.0.1 at 2009-12-22 22:15:01) [GET]
Rendering template within layouts/main
Rendering frontpage/index
Completed in 21ms (View: 19, DB: 0) | 200 OK [http://localhost/]


Processing IdeasController#generate to json (for 127.0.0.1 at 2009-12-22 22:15:01) [GET]
Completed in 14ms (View: 3, DB: 0) | 200 OK [http://localhost/ideas/generate.json]


Processing FrontpageController#index (for 127.0.0.1 at 2009-12-22 22:26:21) [GET]
Rendering template within layouts/main
Rendering frontpage/index
Completed in 4ms (View: 2, DB: 0) | 200 OK [http://localhost/]


Processing IdeasController#generate to json (for 127.0.0.1 at 2009-12-22 22:26:21) [GET]
Completed in 12ms (View: 1, DB: 0) | 200 OK [http://localhost/ideas/generate.json]


Processing FrontpageController#index (for 127.0.0.1 at 2009-12-22 22:27:06) [GET]
Rendering template within layouts/main
Rendering frontpage/index
Completed in 23ms (View: 22, DB: 0) | 200 OK [http://localhost/]


Processing IdeasController#generate to json (for 127.0.0.1 at 2009-12-22 22:27:06) [GET]
Completed in 15ms (View: 3, DB: 0) | 200 OK [http://localhost/ideas/generate.json]


Processing FrontpageController#index (for 127.0.0.1 at 2009-12-22 22:27:38) [GET]
Rendering template within layouts/main
Rendering frontpage/index
Completed in 5ms (View: 3, DB: 0) | 200 OK [http://localhost/]


Processing IdeasController#generate to json (for 127.0.0.1 at 2009-12-22 22:27:39) [GET]
Completed in 15ms (View: 1, DB: 0) | 200 OK [http://localhost/ideas/generate.json]


Processing FrontpageController#index (for 127.0.0.1 at 2009-12-22 22:28:55) [GET]
Rendering template within layouts/main
Rendering frontpage/index
Completed in 20ms (View: 19, DB: 0) | 200 OK [http://localhost/]


Processing IdeasController#generate to json (for 127.0.0.1 at 2009-12-22 22:28:55) [GET]
Completed in 17ms (View: 3, DB: 0) | 200 OK [http://localhost/ideas/generate.json]


Processing IdeasController#generate to json (for 127.0.0.1 at 2009-12-22 22:29:46) [GET]
Completed in 12ms (View: 1, DB: 0) | 200 OK [http://localhost/ideas/generate.json]


Processing FrontpageController#index (for 127.0.0.1 at 2009-12-22 22:32:21) [GET]
Rendering template within layouts/main
Rendering frontpage/index
Completed in 26ms (View: 24, DB: 0) | 200 OK [http://localhost/]


Processing IdeasController#generate to json (for 127.0.0.1 at 2009-12-22 22:32:21) [GET]
Completed in 16ms (View: 3, DB: 0) | 200 OK [http://localhost/ideas/generate.json]


Processing FrontpageController#index (for 127.0.0.1 at 2009-12-22 22:43:32) [GET]
Rendering template within layouts/main
Rendering frontpage/index
Completed in 21ms (View: 20, DB: 0) | 200 OK [http://localhost/]


Processing IdeasController#generate to json (for 127.0.0.1 at 2009-12-22 22:43:33) [GET]
Completed in 89ms (View: 3, DB: 0) | 200 OK [http://localhost/ideas/generate.json]


Processing IdeasController#generate to json (for 127.0.0.1 at 2009-12-22 22:43:50) [GET]
Completed in 33ms (View: 1, DB: 0) | 200 OK [http://localhost/ideas/generate.json]


Processing IdeasController#generate to json (for 127.0.0.1 at 2009-12-22 22:43:53) [GET]
Completed in 28ms (View: 1, DB: 0) | 200 OK [http://localhost/ideas/generate.json]


Processing IdeasController#generate to json (for 127.0.0.1 at 2009-12-22 22:46:20) [GET]
Completed in 86ms (View: 55, DB: 0) | 200 OK [http://localhost/ideas/generate.json]


Processing FrontpageController#index (for 127.0.0.1 at 2009-12-30 16:00:56) [GET]
Rendering template within layouts/main
Rendering frontpage/index
Completed in 32ms (View: 30, DB: 0) | 200 OK [http://localhost/]


Processing IdeasController#generate to json (for 127.0.0.1 at 2009-12-30 16:00:57) [GET]
Completed in 90ms (View: 7, DB: 0) | 200 OK [http://localhost/ideas/generate.json]


Processing FrontpageController#index (for 127.0.0.1 at 2009-12-30 16:03:38) [GET]
Rendering template within layouts/main
Rendering frontpage/index
ERROR: compiling _run_erb_app47views47layouts47main46html46erb RAISED compile error
/home/andrew/projects/iterationlabs/ideamachine/app/views/layouts/main.html.erb:11: syntax error, unexpected '<'
    <script>
     ^
/home/andrew/projects/iterationlabs/ideamachine/app/views/layouts/main.html.erb:12: syntax error, unexpected tIDENTIFIER, expecting kDO or '{' or '('
      var disqus_developer = true;
                          ^
/home/andrew/projects/iterationlabs/ideamachine/app/views/layouts/main.html.erb:13: syntax error, unexpected '<', expecting kEND
    </script>
     ^
/home/andrew/projects/iterationlabs/ideamachine/app/views/layouts/main.html.erb:14: unknown regexp options - had
/home/andrew/projects/iterationlabs/ideamachine/app/views/layouts/main.html.erb:14: syntax error, unexpected $undefined
...tput_buffer.concat "\n</head>\n<body>\n\n<p style=\"color: g...
                              ^
/home/andrew/projects/iterationlabs/ideamachine/app/views/layouts/main.html.erb:14: syntax error, unexpected $undefined
...fer.concat "\n</head>\n<body>\n\n<p style=\"color: green\">"
                              ^
/home/andrew/projects/iterationlabs/ideamachine/app/views/layouts/main.html.erb:14: syntax error, unexpected tIDENTIFIER, expecting kDO or '{' or '('
..."\n</head>\n<body>\n\n<p style=\"color: green\">"
                              ^
/home/andrew/projects/iterationlabs/ideamachine/app/views/layouts/main.html.erb:25: syntax error, unexpected kENSURE, expecting kEND
/home/andrew/projects/iterationlabs/ideamachine/app/views/layouts/main.html.erb:27: syntax error, unexpected $end, expecting kEND
Function body:           def _run_erb_app47views47layouts47main46html46erb(local_assigns)
            old_output_buffer = output_buffer;;@output_buffer = '';  __in_erb_template=true ; @output_buffer.concat "<!DOCTYPE html PUBLIC \"-//W3C//DTD XHTML 1.0 Transitional//EN\"\n       \"http://www.w3.org/TR/xhtml1/DTD/xhtml1-transitional.dtd\">\n\n<html xmlns=\"http://www.w3.org/1999/xhtml\" xml:lang=\"en\" lang=\"en\">\n<head>\n  <meta http-equiv=\"content-type\" content=\"text/html;charset=UTF-8\" />\n  <title>Project Suggestions from the IdeaMachine</title>\n  "






; @output_buffer.concat(( stylesheet_link_tag 'scaffold', 'ideas' ).to_s); @output_buffer.concat "\n  "
; @output_buffer.concat(( javascript_include_tag :defaults ).to_s); @output_buffer.concat "\n  "
;  if RAILS_ENV == "development"
    <script>
      var disqus_developer = true;
    </script>
  <% end ; @output_buffer.concat "\n</head>\n<body>\n\n<p style=\"color: green\">"



; @output_buffer.concat(( flash[:notice] ).to_s); @output_buffer.concat "</p>\n\n"

; @output_buffer.concat(( yield ).to_s); @output_buffer.concat "\n\n</body>\n</html>\n"



; @output_buffer
          ensure
            self.output_buffer = old_output_buffer
          end
Backtrace: /home/andrew/projects/iterationlabs/ideamachine/app/views/layouts/main.html.erb:27:in `compile!'
/var/lib/gems/1.8/gems/actionpack-2.3.5/lib/action_view/renderable.rb:61:in `compile'
/var/lib/gems/1.8/gems/actionpack-2.3.5/lib/action_view/renderable.rb:28:in `render'
/var/lib/gems/1.8/gems/actionpack-2.3.5/lib/action_view/template.rb:205:in `render_template'
/var/lib/gems/1.8/gems/actionpack-2.3.5/lib/action_view/base.rb:265:in `render'
/var/lib/gems/1.8/gems/actionpack-2.3.5/lib/action_view/base.rb:352:in `_render_with_layout'
/var/lib/gems/1.8/gems/actionpack-2.3.5/lib/action_view/base.rb:262:in `render'
/var/lib/gems/1.8/gems/actionpack-2.3.5/lib/action_controller/base.rb:1250:in `render_for_file'
/var/lib/gems/1.8/gems/actionpack-2.3.5/lib/action_controller/base.rb:945:in `render_without_benchmark'
/var/lib/gems/1.8/gems/actionpack-2.3.5/lib/action_controller/benchmarking.rb:51:in `render'
/var/lib/gems/1.8/gems/activesupport-2.3.5/lib/active_support/core_ext/benchmark.rb:17:in `ms'
/usr/lib/ruby/1.8/benchmark.rb:308:in `realtime'
/var/lib/gems/1.8/gems/activesupport-2.3.5/lib/active_support/core_ext/benchmark.rb:17:in `ms'
/var/lib/gems/1.8/gems/actionpack-2.3.5/lib/action_controller/benchmarking.rb:51:in `render'
/var/lib/gems/1.8/gems/actionpack-2.3.5/lib/action_controller/base.rb:1326:in `default_render'
/var/lib/gems/1.8/gems/actionpack-2.3.5/lib/action_controller/base.rb:1332:in `perform_action_without_filters'
/var/lib/gems/1.8/gems/actionpack-2.3.5/lib/action_controller/filters.rb:617:in `call_filters'
/var/lib/gems/1.8/gems/actionpack-2.3.5/lib/action_controller/filters.rb:610:in `perform_action_without_benchmark'
/var/lib/gems/1.8/gems/actionpack-2.3.5/lib/action_controller/benchmarking.rb:68:in `perform_action_without_rescue'
/var/lib/gems/1.8/gems/activesupport-2.3.5/lib/active_support/core_ext/benchmark.rb:17:in `ms'
/usr/lib/ruby/1.8/benchmark.rb:308:in `realtime'
/var/lib/gems/1.8/gems/activesupport-2.3.5/lib/active_support/core_ext/benchmark.rb:17:in `ms'
/var/lib/gems/1.8/gems/actionpack-2.3.5/lib/action_controller/benchmarking.rb:68:in `perform_action_without_rescue'
/var/lib/gems/1.8/gems/actionpack-2.3.5/lib/action_controller/rescue.rb:160:in `perform_action_without_flash'
/var/lib/gems/1.8/gems/actionpack-2.3.5/lib/action_controller/flash.rb:146:in `perform_action'
/var/lib/gems/1.8/gems/actionpack-2.3.5/lib/action_controller/base.rb:532:in `send'
/var/lib/gems/1.8/gems/actionpack-2.3.5/lib/action_controller/base.rb:532:in `process_without_filters'
/var/lib/gems/1.8/gems/actionpack-2.3.5/lib/action_controller/filters.rb:606:in `process'
/var/lib/gems/1.8/gems/actionpack-2.3.5/lib/action_controller/base.rb:391:in `process'
/var/lib/gems/1.8/gems/actionpack-2.3.5/lib/action_controller/base.rb:386:in `call'
/var/lib/gems/1.8/gems/actionpack-2.3.5/lib/action_controller/routing/route_set.rb:437:in `call'
/var/lib/gems/1.8/gems/actionpack-2.3.5/lib/action_controller/dispatcher.rb:87:in `dispatch'
/var/lib/gems/1.8/gems/actionpack-2.3.5/lib/action_controller/dispatcher.rb:121:in `_call'
/var/lib/gems/1.8/gems/actionpack-2.3.5/lib/action_controller/dispatcher.rb:130:in `build_middleware_stack'
/var/lib/gems/1.8/gems/activerecord-2.3.5/lib/active_record/query_cache.rb:29:in `call'
/var/lib/gems/1.8/gems/activerecord-2.3.5/lib/active_record/query_cache.rb:29:in `call'
/var/lib/gems/1.8/gems/activerecord-2.3.5/lib/active_record/connection_adapters/abstract/query_cache.rb:34:in `cache'
/var/lib/gems/1.8/gems/activerecord-2.3.5/lib/active_record/query_cache.rb:9:in `cache'
/var/lib/gems/1.8/gems/activerecord-2.3.5/lib/active_record/query_cache.rb:28:in `call'
/var/lib/gems/1.8/gems/activerecord-2.3.5/lib/active_record/connection_adapters/abstract/connection_pool.rb:361:in `call'
/var/lib/gems/1.8/gems/actionpack-2.3.5/lib/action_controller/string_coercion.rb:25:in `call'
/var/lib/gems/1.8/gems/rack-1.0.1/lib/rack/head.rb:9:in `call'
/var/lib/gems/1.8/gems/rack-1.0.1/lib/rack/methodoverride.rb:24:in `call'
/var/lib/gems/1.8/gems/actionpack-2.3.5/lib/action_controller/params_parser.rb:15:in `call'
/var/lib/gems/1.8/gems/actionpack-2.3.5/lib/action_controller/session/cookie_store.rb:93:in `call'
/var/lib/gems/1.8/gems/actionpack-2.3.5/lib/action_controller/failsafe.rb:26:in `call'
/var/lib/gems/1.8/gems/rack-1.0.1/lib/rack/lock.rb:11:in `call'
/var/lib/gems/1.8/gems/rack-1.0.1/lib/rack/lock.rb:11:in `synchronize'
/var/lib/gems/1.8/gems/rack-1.0.1/lib/rack/lock.rb:11:in `call'
/var/lib/gems/1.8/gems/actionpack-2.3.5/lib/action_controller/dispatcher.rb:114:in `call'
/var/lib/gems/1.8/gems/actionpack-2.3.5/lib/action_controller/reloader.rb:34:in `run'
/var/lib/gems/1.8/gems/actionpack-2.3.5/lib/action_controller/dispatcher.rb:108:in `call'
/var/lib/gems/1.8/gems/rails-2.3.5/lib/rails/rack/static.rb:31:in `call'
/var/lib/gems/1.8/gems/rack-1.0.1/lib/rack/urlmap.rb:46:in `call'
/var/lib/gems/1.8/gems/rack-1.0.1/lib/rack/urlmap.rb:40:in `each'
/var/lib/gems/1.8/gems/rack-1.0.1/lib/rack/urlmap.rb:40:in `call'
/var/lib/gems/1.8/gems/rails-2.3.5/lib/rails/rack/log_tailer.rb:17:in `call'
/var/lib/gems/1.8/gems/rack-1.0.1/lib/rack/content_length.rb:13:in `call'
/var/lib/gems/1.8/gems/rack-1.0.1/lib/rack/handler/webrick.rb:50:in `service'
/usr/lib/ruby/1.8/webrick/httpserver.rb:104:in `service'
/usr/lib/ruby/1.8/webrick/httpserver.rb:65:in `run'
/usr/lib/ruby/1.8/webrick/server.rb:173:in `start_thread'
/usr/lib/ruby/1.8/webrick/server.rb:162:in `start'
/usr/lib/ruby/1.8/webrick/server.rb:162:in `start_thread'
/usr/lib/ruby/1.8/webrick/server.rb:95:in `start'
/usr/lib/ruby/1.8/webrick/server.rb:92:in `each'
/usr/lib/ruby/1.8/webrick/server.rb:92:in `start'
/usr/lib/ruby/1.8/webrick/server.rb:23:in `start'
/usr/lib/ruby/1.8/webrick/server.rb:82:in `start'
/var/lib/gems/1.8/gems/rack-1.0.1/lib/rack/handler/webrick.rb:14:in `run'
/var/lib/gems/1.8/gems/rails-2.3.5/lib/commands/server.rb:111
/usr/lib/ruby/1.8/rubygems/custom_require.rb:31:in `gem_original_require'
/usr/lib/ruby/1.8/rubygems/custom_require.rb:31:in `require'
script/server:3

ActionView::TemplateError (compile error
/home/andrew/projects/iterationlabs/ideamachine/app/views/layouts/main.html.erb:11: syntax error, unexpected '<'
    <script>
     ^
/home/andrew/projects/iterationlabs/ideamachine/app/views/layouts/main.html.erb:12: syntax error, unexpected tIDENTIFIER, expecting kDO or '{' or '('
      var disqus_developer = true;
                          ^
/home/andrew/projects/iterationlabs/ideamachine/app/views/layouts/main.html.erb:13: syntax error, unexpected '<', expecting kEND
    </script>
     ^
/home/andrew/projects/iterationlabs/ideamachine/app/views/layouts/main.html.erb:14: unknown regexp options - had
/home/andrew/projects/iterationlabs/ideamachine/app/views/layouts/main.html.erb:14: syntax error, unexpected $undefined
...tput_buffer.concat "\n</head>\n<body>\n\n<p style=\"color: g...
                              ^
/home/andrew/projects/iterationlabs/ideamachine/app/views/layouts/main.html.erb:14: syntax error, unexpected $undefined
...fer.concat "\n</head>\n<body>\n\n<p style=\"color: green\">"
                              ^
/home/andrew/projects/iterationlabs/ideamachine/app/views/layouts/main.html.erb:14: syntax error, unexpected tIDENTIFIER, expecting kDO or '{' or '('
..."\n</head>\n<body>\n\n<p style=\"color: green\">"
                              ^
/home/andrew/projects/iterationlabs/ideamachine/app/views/layouts/main.html.erb:25: syntax error, unexpected kENSURE, expecting kEND
/home/andrew/projects/iterationlabs/ideamachine/app/views/layouts/main.html.erb:27: syntax error, unexpected $end, expecting kEND) on line #11 of app/views/layouts/main.html.erb:
8:   <%= stylesheet_link_tag 'scaffold', 'ideas' %>
9:   <%= javascript_include_tag :defaults %>
10:   <% if RAILS_ENV == "development"
11:     <script>
12:       var disqus_developer = true;
13:     </script>
14:   <% end %>

    app/views/layouts/main.html.erb:27:in `compile!'
    /usr/lib/ruby/1.8/webrick/httpserver.rb:104:in `service'
    /usr/lib/ruby/1.8/webrick/httpserver.rb:65:in `run'
    /usr/lib/ruby/1.8/webrick/server.rb:173:in `start_thread'
    /usr/lib/ruby/1.8/webrick/server.rb:162:in `start'
    /usr/lib/ruby/1.8/webrick/server.rb:162:in `start_thread'
    /usr/lib/ruby/1.8/webrick/server.rb:95:in `start'
    /usr/lib/ruby/1.8/webrick/server.rb:92:in `each'
    /usr/lib/ruby/1.8/webrick/server.rb:92:in `start'
    /usr/lib/ruby/1.8/webrick/server.rb:23:in `start'
    /usr/lib/ruby/1.8/webrick/server.rb:82:in `start'

Rendered rescues/_trace (32.2ms)
Rendered rescues/_request_and_response (1.1ms)
Rendering rescues/layout (internal_server_error)


Processing FrontpageController#index (for 127.0.0.1 at 2009-12-30 16:03:39) [GET]
Rendering template within layouts/main
Rendering frontpage/index
ERROR: compiling _run_erb_app47views47layouts47main46html46erb RAISED compile error
/home/andrew/projects/iterationlabs/ideamachine/app/views/layouts/main.html.erb:11: syntax error, unexpected '<'
    <script>
     ^
/home/andrew/projects/iterationlabs/ideamachine/app/views/layouts/main.html.erb:12: syntax error, unexpected tIDENTIFIER, expecting kDO or '{' or '('
      var disqus_developer = true;
                          ^
/home/andrew/projects/iterationlabs/ideamachine/app/views/layouts/main.html.erb:13: syntax error, unexpected '<', expecting kEND
    </script>
     ^
/home/andrew/projects/iterationlabs/ideamachine/app/views/layouts/main.html.erb:14: unknown regexp options - had
/home/andrew/projects/iterationlabs/ideamachine/app/views/layouts/main.html.erb:14: syntax error, unexpected $undefined
...tput_buffer.concat "\n</head>\n<body>\n\n<p style=\"color: g...
                              ^
/home/andrew/projects/iterationlabs/ideamachine/app/views/layouts/main.html.erb:14: syntax error, unexpected $undefined
...fer.concat "\n</head>\n<body>\n\n<p style=\"color: green\">"
                              ^
/home/andrew/projects/iterationlabs/ideamachine/app/views/layouts/main.html.erb:14: syntax error, unexpected tIDENTIFIER, expecting kDO or '{' or '('
..."\n</head>\n<body>\n\n<p style=\"color: green\">"
                              ^
/home/andrew/projects/iterationlabs/ideamachine/app/views/layouts/main.html.erb:25: syntax error, unexpected kENSURE, expecting kEND
/home/andrew/projects/iterationlabs/ideamachine/app/views/layouts/main.html.erb:27: syntax error, unexpected $end, expecting kEND
Function body:           def _run_erb_app47views47layouts47main46html46erb(local_assigns)
            old_output_buffer = output_buffer;;@output_buffer = '';  __in_erb_template=true ; @output_buffer.concat "<!DOCTYPE html PUBLIC \"-//W3C//DTD XHTML 1.0 Transitional//EN\"\n       \"http://www.w3.org/TR/xhtml1/DTD/xhtml1-transitional.dtd\">\n\n<html xmlns=\"http://www.w3.org/1999/xhtml\" xml:lang=\"en\" lang=\"en\">\n<head>\n  <meta http-equiv=\"content-type\" content=\"text/html;charset=UTF-8\" />\n  <title>Project Suggestions from the IdeaMachine</title>\n  "






; @output_buffer.concat(( stylesheet_link_tag 'scaffold', 'ideas' ).to_s); @output_buffer.concat "\n  "
; @output_buffer.concat(( javascript_include_tag :defaults ).to_s); @output_buffer.concat "\n  "
;  if RAILS_ENV == "development"
    <script>
      var disqus_developer = true;
    </script>
  <% end ; @output_buffer.concat "\n</head>\n<body>\n\n<p style=\"color: green\">"



; @output_buffer.concat(( flash[:notice] ).to_s); @output_buffer.concat "</p>\n\n"

; @output_buffer.concat(( yield ).to_s); @output_buffer.concat "\n\n</body>\n</html>\n"



; @output_buffer
          ensure
            self.output_buffer = old_output_buffer
          end
Backtrace: /home/andrew/projects/iterationlabs/ideamachine/app/views/layouts/main.html.erb:27:in `compile!'
/var/lib/gems/1.8/gems/actionpack-2.3.5/lib/action_view/renderable.rb:61:in `compile'
/var/lib/gems/1.8/gems/actionpack-2.3.5/lib/action_view/renderable.rb:28:in `render'
/var/lib/gems/1.8/gems/actionpack-2.3.5/lib/action_view/template.rb:205:in `render_template'
/var/lib/gems/1.8/gems/actionpack-2.3.5/lib/action_view/base.rb:265:in `render'
/var/lib/gems/1.8/gems/actionpack-2.3.5/lib/action_view/base.rb:352:in `_render_with_layout'
/var/lib/gems/1.8/gems/actionpack-2.3.5/lib/action_view/base.rb:262:in `render'
/var/lib/gems/1.8/gems/actionpack-2.3.5/lib/action_controller/base.rb:1250:in `render_for_file'
/var/lib/gems/1.8/gems/actionpack-2.3.5/lib/action_controller/base.rb:945:in `render_without_benchmark'
/var/lib/gems/1.8/gems/actionpack-2.3.5/lib/action_controller/benchmarking.rb:51:in `render'
/var/lib/gems/1.8/gems/activesupport-2.3.5/lib/active_support/core_ext/benchmark.rb:17:in `ms'
/usr/lib/ruby/1.8/benchmark.rb:308:in `realtime'
/var/lib/gems/1.8/gems/activesupport-2.3.5/lib/active_support/core_ext/benchmark.rb:17:in `ms'
/var/lib/gems/1.8/gems/actionpack-2.3.5/lib/action_controller/benchmarking.rb:51:in `render'
/var/lib/gems/1.8/gems/actionpack-2.3.5/lib/action_controller/base.rb:1326:in `default_render'
/var/lib/gems/1.8/gems/actionpack-2.3.5/lib/action_controller/base.rb:1332:in `perform_action_without_filters'
/var/lib/gems/1.8/gems/actionpack-2.3.5/lib/action_controller/filters.rb:617:in `call_filters'
/var/lib/gems/1.8/gems/actionpack-2.3.5/lib/action_controller/filters.rb:610:in `perform_action_without_benchmark'
/var/lib/gems/1.8/gems/actionpack-2.3.5/lib/action_controller/benchmarking.rb:68:in `perform_action_without_rescue'
/var/lib/gems/1.8/gems/activesupport-2.3.5/lib/active_support/core_ext/benchmark.rb:17:in `ms'
/usr/lib/ruby/1.8/benchmark.rb:308:in `realtime'
/var/lib/gems/1.8/gems/activesupport-2.3.5/lib/active_support/core_ext/benchmark.rb:17:in `ms'
/var/lib/gems/1.8/gems/actionpack-2.3.5/lib/action_controller/benchmarking.rb:68:in `perform_action_without_rescue'
/var/lib/gems/1.8/gems/actionpack-2.3.5/lib/action_controller/rescue.rb:160:in `perform_action_without_flash'
/var/lib/gems/1.8/gems/actionpack-2.3.5/lib/action_controller/flash.rb:146:in `perform_action'
/var/lib/gems/1.8/gems/actionpack-2.3.5/lib/action_controller/base.rb:532:in `send'
/var/lib/gems/1.8/gems/actionpack-2.3.5/lib/action_controller/base.rb:532:in `process_without_filters'
/var/lib/gems/1.8/gems/actionpack-2.3.5/lib/action_controller/filters.rb:606:in `process'
/var/lib/gems/1.8/gems/actionpack-2.3.5/lib/action_controller/base.rb:391:in `process'
/var/lib/gems/1.8/gems/actionpack-2.3.5/lib/action_controller/base.rb:386:in `call'
/var/lib/gems/1.8/gems/actionpack-2.3.5/lib/action_controller/routing/route_set.rb:437:in `call'
/var/lib/gems/1.8/gems/actionpack-2.3.5/lib/action_controller/dispatcher.rb:87:in `dispatch'
/var/lib/gems/1.8/gems/actionpack-2.3.5/lib/action_controller/dispatcher.rb:121:in `_call'
/var/lib/gems/1.8/gems/actionpack-2.3.5/lib/action_controller/dispatcher.rb:130:in `build_middleware_stack'
/var/lib/gems/1.8/gems/activerecord-2.3.5/lib/active_record/query_cache.rb:29:in `call'
/var/lib/gems/1.8/gems/activerecord-2.3.5/lib/active_record/query_cache.rb:29:in `call'
/var/lib/gems/1.8/gems/activerecord-2.3.5/lib/active_record/connection_adapters/abstract/query_cache.rb:34:in `cache'
/var/lib/gems/1.8/gems/activerecord-2.3.5/lib/active_record/query_cache.rb:9:in `cache'
/var/lib/gems/1.8/gems/activerecord-2.3.5/lib/active_record/query_cache.rb:28:in `call'
/var/lib/gems/1.8/gems/activerecord-2.3.5/lib/active_record/connection_adapters/abstract/connection_pool.rb:361:in `call'
/var/lib/gems/1.8/gems/actionpack-2.3.5/lib/action_controller/string_coercion.rb:25:in `call'
/var/lib/gems/1.8/gems/rack-1.0.1/lib/rack/head.rb:9:in `call'
/var/lib/gems/1.8/gems/rack-1.0.1/lib/rack/methodoverride.rb:24:in `call'
/var/lib/gems/1.8/gems/actionpack-2.3.5/lib/action_controller/params_parser.rb:15:in `call'
/var/lib/gems/1.8/gems/actionpack-2.3.5/lib/action_controller/session/cookie_store.rb:93:in `call'
/var/lib/gems/1.8/gems/actionpack-2.3.5/lib/action_controller/failsafe.rb:26:in `call'
/var/lib/gems/1.8/gems/rack-1.0.1/lib/rack/lock.rb:11:in `call'
/var/lib/gems/1.8/gems/rack-1.0.1/lib/rack/lock.rb:11:in `synchronize'
/var/lib/gems/1.8/gems/rack-1.0.1/lib/rack/lock.rb:11:in `call'
/var/lib/gems/1.8/gems/actionpack-2.3.5/lib/action_controller/dispatcher.rb:114:in `call'
/var/lib/gems/1.8/gems/actionpack-2.3.5/lib/action_controller/reloader.rb:34:in `run'
/var/lib/gems/1.8/gems/actionpack-2.3.5/lib/action_controller/dispatcher.rb:108:in `call'
/var/lib/gems/1.8/gems/rails-2.3.5/lib/rails/rack/static.rb:31:in `call'
/var/lib/gems/1.8/gems/rack-1.0.1/lib/rack/urlmap.rb:46:in `call'
/var/lib/gems/1.8/gems/rack-1.0.1/lib/rack/urlmap.rb:40:in `each'
/var/lib/gems/1.8/gems/rack-1.0.1/lib/rack/urlmap.rb:40:in `call'
/var/lib/gems/1.8/gems/rails-2.3.5/lib/rails/rack/log_tailer.rb:17:in `call'
/var/lib/gems/1.8/gems/rack-1.0.1/lib/rack/content_length.rb:13:in `call'
/var/lib/gems/1.8/gems/rack-1.0.1/lib/rack/handler/webrick.rb:50:in `service'
/usr/lib/ruby/1.8/webrick/httpserver.rb:104:in `service'
/usr/lib/ruby/1.8/webrick/httpserver.rb:65:in `run'
/usr/lib/ruby/1.8/webrick/server.rb:173:in `start_thread'
/usr/lib/ruby/1.8/webrick/server.rb:162:in `start'
/usr/lib/ruby/1.8/webrick/server.rb:162:in `start_thread'
/usr/lib/ruby/1.8/webrick/server.rb:95:in `start'
/usr/lib/ruby/1.8/webrick/server.rb:92:in `each'
/usr/lib/ruby/1.8/webrick/server.rb:92:in `start'
/usr/lib/ruby/1.8/webrick/server.rb:23:in `start'
/usr/lib/ruby/1.8/webrick/server.rb:82:in `start'
/var/lib/gems/1.8/gems/rack-1.0.1/lib/rack/handler/webrick.rb:14:in `run'
/var/lib/gems/1.8/gems/rails-2.3.5/lib/commands/server.rb:111
/usr/lib/ruby/1.8/rubygems/custom_require.rb:31:in `gem_original_require'
/usr/lib/ruby/1.8/rubygems/custom_require.rb:31:in `require'
script/server:3

ActionView::TemplateError (compile error
/home/andrew/projects/iterationlabs/ideamachine/app/views/layouts/main.html.erb:11: syntax error, unexpected '<'
    <script>
     ^
/home/andrew/projects/iterationlabs/ideamachine/app/views/layouts/main.html.erb:12: syntax error, unexpected tIDENTIFIER, expecting kDO or '{' or '('
      var disqus_developer = true;
                          ^
/home/andrew/projects/iterationlabs/ideamachine/app/views/layouts/main.html.erb:13: syntax error, unexpected '<', expecting kEND
    </script>
     ^
/home/andrew/projects/iterationlabs/ideamachine/app/views/layouts/main.html.erb:14: unknown regexp options - had
/home/andrew/projects/iterationlabs/ideamachine/app/views/layouts/main.html.erb:14: syntax error, unexpected $undefined
...tput_buffer.concat "\n</head>\n<body>\n\n<p style=\"color: g...
                              ^
/home/andrew/projects/iterationlabs/ideamachine/app/views/layouts/main.html.erb:14: syntax error, unexpected $undefined
...fer.concat "\n</head>\n<body>\n\n<p style=\"color: green\">"
                              ^
/home/andrew/projects/iterationlabs/ideamachine/app/views/layouts/main.html.erb:14: syntax error, unexpected tIDENTIFIER, expecting kDO or '{' or '('
..."\n</head>\n<body>\n\n<p style=\"color: green\">"
                              ^
/home/andrew/projects/iterationlabs/ideamachine/app/views/layouts/main.html.erb:25: syntax error, unexpected kENSURE, expecting kEND
/home/andrew/projects/iterationlabs/ideamachine/app/views/layouts/main.html.erb:27: syntax error, unexpected $end, expecting kEND) on line #11 of app/views/layouts/main.html.erb:
8:   <%= stylesheet_link_tag 'scaffold', 'ideas' %>
9:   <%= javascript_include_tag :defaults %>
10:   <% if RAILS_ENV == "development"
11:     <script>
12:       var disqus_developer = true;
13:     </script>
14:   <% end %>

    app/views/layouts/main.html.erb:27:in `compile!'
    /usr/lib/ruby/1.8/webrick/httpserver.rb:104:in `service'
    /usr/lib/ruby/1.8/webrick/httpserver.rb:65:in `run'
    /usr/lib/ruby/1.8/webrick/server.rb:173:in `start_thread'
    /usr/lib/ruby/1.8/webrick/server.rb:162:in `start'
    /usr/lib/ruby/1.8/webrick/server.rb:162:in `start_thread'
    /usr/lib/ruby/1.8/webrick/server.rb:95:in `start'
    /usr/lib/ruby/1.8/webrick/server.rb:92:in `each'
    /usr/lib/ruby/1.8/webrick/server.rb:92:in `start'
    /usr/lib/ruby/1.8/webrick/server.rb:23:in `start'
    /usr/lib/ruby/1.8/webrick/server.rb:82:in `start'

Rendered rescues/_trace (93.1ms)
Rendered rescues/_request_and_response (0.3ms)
Rendering rescues/layout (internal_server_error)


Processing FrontpageController#index (for 127.0.0.1 at 2009-12-30 16:03:46) [GET]
Rendering template within layouts/main
Rendering frontpage/index
Completed in 9ms (View: 7, DB: 0) | 200 OK [http://localhost/]


Processing IdeasController#generate to json (for 127.0.0.1 at 2009-12-30 16:03:47) [GET]
Completed in 28ms (View: 1, DB: 0) | 200 OK [http://localhost/ideas/generate.json]


Processing FrontpageController#index (for 127.0.0.1 at 2009-12-30 16:14:04) [GET]
Rendering template within layouts/main
Rendering frontpage/index
Completed in 4ms (View: 3, DB: 0) | 200 OK [http://localhost/]


Processing IdeasController#generate to json (for 127.0.0.1 at 2009-12-30 16:14:05) [GET]
Completed in 30ms (View: 1, DB: 0) | 200 OK [http://localhost/ideas/generate.json]


Processing FrontpageController#index (for 127.0.0.1 at 2009-12-30 16:14:06) [GET]
Rendering template within layouts/main
Rendering frontpage/index
Completed in 5ms (View: 3, DB: 0) | 200 OK [http://localhost/]


Processing IdeasController#generate to json (for 127.0.0.1 at 2009-12-30 16:14:08) [GET]
Completed in 81ms (View: 1, DB: 0) | 200 OK [http://localhost/ideas/generate.json]


Processing FrontpageController#index (for 127.0.0.1 at 2009-12-30 16:14:43) [GET]
Rendering template within layouts/main
Rendering frontpage/index
Completed in 10ms (View: 8, DB: 0) | 200 OK [http://localhost/]


Processing IdeasController#generate to json (for 127.0.0.1 at 2009-12-30 16:14:44) [GET]
Completed in 29ms (View: 1, DB: 0) | 200 OK [http://localhost/ideas/generate.json]


Processing FrontpageController#index (for 127.0.0.1 at 2009-12-30 16:15:33) [GET]
Rendering template within layouts/main
Rendering frontpage/index
Completed in 10ms (View: 6, DB: 0) | 200 OK [http://localhost/]


Processing IdeasController#generate to json (for 127.0.0.1 at 2009-12-30 16:15:34) [GET]
Completed in 31ms (View: 1, DB: 0) | 200 OK [http://localhost/ideas/generate.json]


Processing FrontpageController#index (for 127.0.0.1 at 2009-12-30 16:15:47) [GET]
Rendering template within layouts/main
Rendering frontpage/index
Completed in 25ms (View: 3, DB: 0) | 200 OK [http://localhost/]


Processing IdeasController#generate to json (for 127.0.0.1 at 2009-12-30 16:15:48) [GET]
Completed in 30ms (View: 1, DB: 0) | 200 OK [http://localhost/ideas/generate.json]


Processing FrontpageController#index (for 127.0.0.1 at 2009-12-30 16:15:49) [GET]
Rendering template within layouts/main
Rendering frontpage/index
Completed in 4ms (View: 2, DB: 0) | 200 OK [http://localhost/]


Processing IdeasController#generate to json (for 127.0.0.1 at 2009-12-30 16:15:50) [GET]
Completed in 31ms (View: 1, DB: 0) | 200 OK [http://localhost/ideas/generate.json]


Processing FrontpageController#index (for 127.0.0.1 at 2009-12-30 16:17:36) [GET]
Rendering template within layouts/main
Rendering frontpage/index
Completed in 5ms (View: 2, DB: 0) | 200 OK [http://localhost/]


Processing IdeasController#generate to json (for 127.0.0.1 at 2009-12-30 16:17:37) [GET]
Completed in 83ms (View: 1, DB: 0) | 200 OK [http://localhost/ideas/generate.json]


Processing FrontpageController#index (for 127.0.0.1 at 2009-12-30 16:18:08) [GET]
Rendering template within layouts/main
Rendering frontpage/index
Completed in 5ms (View: 3, DB: 0) | 200 OK [http://localhost/]


Processing IdeasController#generate to json (for 127.0.0.1 at 2009-12-30 16:18:10) [GET]
Completed in 30ms (View: 1, DB: 0) | 200 OK [http://localhost/ideas/generate.json]


Processing FrontpageController#index (for 127.0.0.1 at 2009-12-30 16:18:51) [GET]
Rendering template within layouts/main
Rendering frontpage/index
Completed in 4ms (View: 2, DB: 0) | 200 OK [http://localhost/]


Processing IdeasController#generate to json (for 127.0.0.1 at 2009-12-30 16:18:52) [GET]
Completed in 83ms (View: 1, DB: 0) | 200 OK [http://localhost/ideas/generate.json]


Processing FrontpageController#index (for 127.0.0.1 at 2009-12-30 16:18:54) [GET]
Rendering template within layouts/main
Rendering frontpage/index
Completed in 5ms (View: 3, DB: 0) | 200 OK [http://localhost/]


Processing IdeasController#generate to json (for 127.0.0.1 at 2009-12-30 16:18:55) [GET]
Completed in 28ms (View: 1, DB: 0) | 200 OK [http://localhost/ideas/generate.json]


Processing FrontpageController#index (for 127.0.0.1 at 2009-12-30 16:19:19) [GET]
Rendering template within layouts/main
Rendering frontpage/index
Completed in 5ms (View: 2, DB: 0) | 200 OK [http://localhost/]


Processing IdeasController#generate to json (for 127.0.0.1 at 2009-12-30 16:19:20) [GET]
Completed in 31ms (View: 1, DB: 0) | 200 OK [http://localhost/ideas/generate.json]


Processing FrontpageController#index (for 127.0.0.1 at 2009-12-30 16:20:15) [GET]
Rendering template within layouts/main
Rendering frontpage/index
Completed in 8ms (View: 6, DB: 0) | 200 OK [http://localhost/]


Processing IdeasController#generate to json (for 127.0.0.1 at 2009-12-30 16:20:16) [GET]
Completed in 87ms (View: 1, DB: 0) | 200 OK [http://localhost/ideas/generate.json]


Processing FrontpageController#index (for 127.0.0.1 at 2009-12-30 16:28:30) [GET]
Rendering template within layouts/main
Rendering frontpage/index
Completed in 8ms (View: 6, DB: 0) | 200 OK [http://localhost/]


Processing IdeasController#generate to json (for 127.0.0.1 at 2009-12-30 16:28:31) [GET]
Completed in 27ms (View: 1, DB: 0) | 200 OK [http://localhost/ideas/generate.json]


Processing FrontpageController#index (for 127.0.0.1 at 2009-12-30 16:29:12) [GET]
Rendering template within layouts/main
Rendering frontpage/index
Completed in 4ms (View: 2, DB: 0) | 200 OK [http://localhost/]


Processing IdeasController#generate to json (for 127.0.0.1 at 2009-12-30 16:29:13) [GET]
Completed in 30ms (View: 1, DB: 0) | 200 OK [http://localhost/ideas/generate.json]


Processing FrontpageController#index (for 127.0.0.1 at 2009-12-30 16:30:21) [GET]
Rendering template within layouts/main
Rendering frontpage/index
Completed in 15ms (View: 13, DB: 0) | 200 OK [http://localhost/]


Processing IdeasController#generate to json (for 127.0.0.1 at 2009-12-30 16:30:22) [GET]
Completed in 30ms (View: 1, DB: 0) | 200 OK [http://localhost/ideas/generate.json]


Processing FrontpageController#index (for 127.0.0.1 at 2009-12-30 16:31:10) [GET]
Rendering template within layouts/main
Rendering frontpage/index
Completed in 5ms (View: 3, DB: 0) | 200 OK [http://localhost/]


Processing IdeasController#generate to json (for 127.0.0.1 at 2009-12-30 16:31:11) [GET]
Completed in 30ms (View: 1, DB: 0) | 200 OK [http://localhost/ideas/generate.json]


Processing FrontpageController#index (for 127.0.0.1 at 2009-12-30 16:31:37) [GET]
Rendering template within layouts/main
Rendering frontpage/index
Completed in 4ms (View: 2, DB: 0) | 200 OK [http://localhost/]


Processing IdeasController#generate to json (for 127.0.0.1 at 2009-12-30 16:31:38) [GET]
Completed in 156ms (View: 1, DB: 0) | 200 OK [http://localhost/ideas/generate.json]


Processing FrontpageController#index (for 127.0.0.1 at 2009-12-30 16:31:52) [GET]
Rendering template within layouts/main
Rendering frontpage/index
Completed in 5ms (View: 3, DB: 0) | 200 OK [http://localhost/]


Processing IdeasController#generate to json (for 127.0.0.1 at 2009-12-30 16:31:54) [GET]
Completed in 31ms (View: 1, DB: 0) | 200 OK [http://localhost/ideas/generate.json]


Processing FrontpageController#index (for 127.0.0.1 at 2009-12-30 16:32:13) [GET]
Rendering template within layouts/main
Rendering frontpage/index
Completed in 4ms (View: 3, DB: 0) | 200 OK [http://localhost/]


Processing IdeasController#generate to json (for 127.0.0.1 at 2009-12-30 16:32:15) [GET]
Completed in 32ms (View: 1, DB: 0) | 200 OK [http://localhost/ideas/generate.json]


Processing FrontpageController#index (for 127.0.0.1 at 2009-12-30 16:32:20) [GET]
Rendering template within layouts/main
Rendering frontpage/index
Completed in 5ms (View: 3, DB: 0) | 200 OK [http://localhost/]


Processing IdeasController#generate to json (for 127.0.0.1 at 2009-12-30 16:32:22) [GET]
Completed in 28ms (View: 1, DB: 0) | 200 OK [http://localhost/ideas/generate.json]


Processing FrontpageController#index (for 127.0.0.1 at 2009-12-30 16:32:32) [GET]
Rendering template within layouts/main
Rendering frontpage/index
Completed in 4ms (View: 3, DB: 0) | 200 OK [http://localhost/]


Processing IdeasController#generate to json (for 127.0.0.1 at 2009-12-30 16:32:33) [GET]
Completed in 29ms (View: 1, DB: 0) | 200 OK [http://localhost/ideas/generate.json]


Processing FrontpageController#index (for 127.0.0.1 at 2009-12-30 16:32:34) [GET]
Rendering template within layouts/main
Rendering frontpage/index
Completed in 4ms (View: 2, DB: 0) | 200 OK [http://localhost/]


Processing IdeasController#generate to json (for 127.0.0.1 at 2009-12-30 16:32:35) [GET]
Completed in 27ms (View: 1, DB: 0) | 200 OK [http://localhost/ideas/generate.json]


Processing FrontpageController#index (for 127.0.0.1 at 2009-12-30 16:33:25) [GET]
Rendering template within layouts/main
Rendering frontpage/index
Completed in 6ms (View: 3, DB: 0) | 200 OK [http://localhost/]


Processing IdeasController#generate to json (for 127.0.0.1 at 2009-12-30 16:33:26) [GET]
Completed in 31ms (View: 1, DB: 0) | 200 OK [http://localhost/ideas/generate.json]


Processing IdeasController#generate to json (for 127.0.0.1 at 2009-12-30 16:33:36) [GET]
Completed in 27ms (View: 1, DB: 0) | 200 OK [http://localhost/ideas/generate.json]


Processing FrontpageController#index (for 127.0.0.1 at 2009-12-30 16:34:02) [GET]
Rendering template within layouts/main
Rendering frontpage/index
Completed in 55ms (View: 4, DB: 0) | 200 OK [http://localhost/]


Processing IdeasController#generate to json (for 127.0.0.1 at 2009-12-30 16:34:04) [GET]
Completed in 48ms (View: 1, DB: 0) | 200 OK [http://localhost/ideas/generate.json]


Processing FrontpageController#index (for 127.0.0.1 at 2009-12-30 16:34:05) [GET]
Rendering template within layouts/main
Rendering frontpage/index
Completed in 10ms (View: 2, DB: 0) | 200 OK [http://localhost/]


Processing IdeasController#generate to json (for 127.0.0.1 at 2009-12-30 16:34:06) [GET]
Completed in 82ms (View: 1, DB: 0) | 200 OK [http://localhost/ideas/generate.json]


Processing FrontpageController#index (for 127.0.0.1 at 2009-12-30 16:35:36) [GET]
Rendering template within layouts/main
Rendering frontpage/index
Completed in 8ms (View: 6, DB: 0) | 200 OK [http://localhost/]


Processing IdeasController#generate to json (for 127.0.0.1 at 2009-12-30 16:35:37) [GET]
Completed in 29ms (View: 1, DB: 0) | 200 OK [http://localhost/ideas/generate.json]


Processing FrontpageController#index (for 127.0.0.1 at 2009-12-30 16:35:48) [GET]
Rendering template within layouts/main
Rendering frontpage/index
Completed in 4ms (View: 2, DB: 0) | 200 OK [http://localhost/]


Processing IdeasController#generate to json (for 127.0.0.1 at 2009-12-30 16:35:49) [GET]
Completed in 32ms (View: 1, DB: 0) | 200 OK [http://localhost/ideas/generate.json]


Processing FrontpageController#index (for 127.0.0.1 at 2009-12-30 16:36:02) [GET]
Rendering template within layouts/main
Rendering frontpage/index
Completed in 4ms (View: 2, DB: 0) | 200 OK [http://localhost/]


Processing IdeasController#generate to json (for 127.0.0.1 at 2009-12-30 16:36:03) [GET]
Completed in 30ms (View: 1, DB: 0) | 200 OK [http://localhost/ideas/generate.json]


Processing FrontpageController#index (for 127.0.0.1 at 2009-12-30 16:36:04) [GET]
Rendering template within layouts/main
Rendering frontpage/index
Completed in 4ms (View: 2, DB: 0) | 200 OK [http://localhost/]


Processing IdeasController#generate to json (for 127.0.0.1 at 2009-12-30 16:36:06) [GET]
Completed in 27ms (View: 1, DB: 0) | 200 OK [http://localhost/ideas/generate.json]


Processing FrontpageController#index (for 127.0.0.1 at 2009-12-30 16:36:10) [GET]
Rendering template within layouts/main
Rendering frontpage/index
Completed in 9ms (View: 2, DB: 0) | 200 OK [http://localhost/]


Processing IdeasController#generate to json (for 127.0.0.1 at 2009-12-30 16:36:11) [GET]
Completed in 26ms (View: 1, DB: 0) | 200 OK [http://localhost/ideas/generate.json]


Processing FrontpageController#index (for 127.0.0.1 at 2009-12-30 16:36:12) [GET]
Rendering template within layouts/main
Rendering frontpage/index
Completed in 4ms (View: 2, DB: 0) | 200 OK [http://localhost/]


Processing IdeasController#generate to json (for 127.0.0.1 at 2009-12-30 16:36:14) [GET]
Completed in 29ms (View: 1, DB: 0) | 200 OK [http://localhost/ideas/generate.json]


Processing FrontpageController#index (for 127.0.0.1 at 2009-12-30 16:37:35) [GET]
Rendering template within layouts/main
Rendering frontpage/index
Completed in 9ms (View: 7, DB: 0) | 200 OK [http://localhost/]


Processing IdeasController#generate to json (for 127.0.0.1 at 2009-12-30 16:37:36) [GET]
Completed in 86ms (View: 1, DB: 0) | 200 OK [http://localhost/ideas/generate.json]


Processing FrontpageController#index (for 127.0.0.1 at 2009-12-30 16:37:37) [GET]
Rendering template within layouts/main
Rendering frontpage/index
Completed in 5ms (View: 3, DB: 0) | 200 OK [http://localhost/]


Processing IdeasController#generate to json (for 127.0.0.1 at 2009-12-30 16:37:38) [GET]
Completed in 30ms (View: 1, DB: 0) | 200 OK [http://localhost/ideas/generate.json]


Processing FrontpageController#index (for 127.0.0.1 at 2009-12-30 16:37:57) [GET]
Rendering template within layouts/main
Rendering frontpage/index
Completed in 4ms (View: 2, DB: 0) | 200 OK [http://localhost/]


Processing IdeasController#generate to json (for 127.0.0.1 at 2009-12-30 16:37:58) [GET]
Completed in 34ms (View: 1, DB: 0) | 200 OK [http://localhost/ideas/generate.json]


Processing FrontpageController#index (for 127.0.0.1 at 2009-12-30 16:39:52) [GET]
Rendering template within layouts/main
Rendering frontpage/index
Completed in 8ms (View: 6, DB: 0) | 200 OK [http://localhost/]


Processing IdeasController#generate to json (for 127.0.0.1 at 2009-12-30 16:39:53) [GET]
Completed in 78ms (View: 1, DB: 0) | 200 OK [http://localhost/ideas/generate.json]


Processing FrontpageController#index (for 127.0.0.1 at 2009-12-30 16:40:27) [GET]
Rendering template within layouts/main
Rendering frontpage/index
Completed in 8ms (View: 7, DB: 0) | 200 OK [http://localhost/]


Processing FrontpageController#index (for 127.0.0.1 at 2009-12-30 16:40:28) [GET]
Rendering template within layouts/main
Rendering frontpage/index
Completed in 5ms (View: 3, DB: 0) | 200 OK [http://localhost/]


Processing IdeasController#generate to json (for 127.0.0.1 at 2009-12-30 16:40:29) [GET]
Completed in 32ms (View: 1, DB: 0) | 200 OK [http://localhost/ideas/generate.json]


Processing FrontpageController#index (for 127.0.0.1 at 2009-12-30 16:40:29) [GET]
Rendering template within layouts/main
Rendering frontpage/index
Completed in 4ms (View: 2, DB: 0) | 200 OK [http://localhost/]


Processing IdeasController#generate to json (for 127.0.0.1 at 2009-12-30 16:40:31) [GET]
Completed in 35ms (View: 1, DB: 0) | 200 OK [http://localhost/ideas/generate.json]


Processing FrontpageController#index (for 127.0.0.1 at 2009-12-30 16:40:45) [GET]
Rendering template within layouts/main
Rendering frontpage/index
Completed in 4ms (View: 2, DB: 0) | 200 OK [http://localhost/]


Processing IdeasController#generate to json (for 127.0.0.1 at 2009-12-30 16:40:46) [GET]
Completed in 82ms (View: 1, DB: 0) | 200 OK [http://localhost/ideas/generate.json]


Processing FrontpageController#index (for 127.0.0.1 at 2009-12-30 16:40:47) [GET]
Rendering template within layouts/main
Rendering frontpage/index
Completed in 8ms (View: 6, DB: 0) | 200 OK [http://localhost/]


Processing IdeasController#generate to json (for 127.0.0.1 at 2009-12-30 16:40:49) [GET]
Completed in 33ms (View: 1, DB: 0) | 200 OK [http://localhost/ideas/generate.json]


Processing FrontpageController#index (for 127.0.0.1 at 2009-12-30 16:41:07) [GET]
Rendering template within layouts/main
Rendering frontpage/index
Completed in 4ms (View: 2, DB: 0) | 200 OK [http://localhost/]


Processing FrontpageController#index (for 127.0.0.1 at 2009-12-30 16:41:08) [GET]
Rendering template within layouts/main
Rendering frontpage/index
Completed in 4ms (View: 2, DB: 0) | 200 OK [http://localhost/]


Processing IdeasController#generate to json (for 127.0.0.1 at 2009-12-30 16:41:09) [GET]
Completed in 30ms (View: 1, DB: 0) | 200 OK [http://localhost/ideas/generate.json]


Processing FrontpageController#index (for 127.0.0.1 at 2009-12-30 16:41:53) [GET]
Rendering template within layouts/main
Rendering frontpage/index
Completed in 9ms (View: 7, DB: 0) | 200 OK [http://localhost/]


Processing IdeasController#generate to json (for 127.0.0.1 at 2009-12-30 16:41:54) [GET]
Completed in 30ms (View: 1, DB: 0) | 200 OK [http://localhost/ideas/generate.json]
